Deploying to environment: dev...
Deployment file deployment.yaml found, deploying resources...
     Checking for existing bigquery.dataset: 'salesforce_ingest'
     Found existing bigquery.dataset. Comparing configurations...
     Bigquery.dataset is already up-to-date.
     Checking for existing bigquerydatatransfer.transferConfig: 'salesforce_contract_dts'
     Found existing bigquerydatatransfer.transferConfig. Comparing configurations...
     Differences found in fields: params. Patching...
     Successfully updated bigquerydatatransfer.transferConfig: projects/954904738192/locations/us-central1/transferConfigs/69ba6601-0000-2e09-a8b2-14c14ef50044
     Checking for existing dataform.repository: 'salesforce_dbt_repo'
     Found existing dataform.repository. Comparing configurations...
     Dataform.repository is already up-to-date.
     Checking for existing dataform.repository.releaseConfig: 'my-release-config'
     Found existing dataform.repository.releaseConfig. Comparing configurations...
     Dataform.repository.releaseConfig is already up-to-date.
     Checking for existing dataform.repository.workflowConfig: 'my-workflow-config'
     Dataform.repository.workflowConfig not found. Creating a new one...
ERROR: (gcloud.beta.orchestration-pipelines.deploy) Failed to deploy resources for environment 'dev' from file 'deployment.yaml':
Failed to deploy resource 'my-workflow-config' of type 'dataform.repository.workflowConfig': HttpError accessing <https://dataform.googleapis.com/v1beta1/projects/bq-dataworkeragent-test/locations/us-central1/repositories/salesforce_dbt_repo/workflowConfigs?alt=json&workflowConfigId=my-workflow-config>: response: <{'vary': 'Origin, X-Origin, Referer', 'content-type': 'application/json; charset=UTF-8', 'content-encoding': 'gzip', 'date': 'Tue, 17 Mar 2026 21:05:20 GMT', 'server': 'ESF', 'x-xss-protection': '0', 'x-frame-options': 'SAMEORIGIN', 'x-content-type-options': 'nosniff', 'transfer-encoding': 'chunked', 'status': 400}>, content <{
  "error": {
    "code": 400,
    "message": "Service account must be set when strict act as checks are enabled.",
    "status": "INVALID_ARGUMENT",
    "details": [
      {
        "@type": "type.googleapis.com/google.rpc.DebugInfo",
        "stackEntries": [
          "cloud/control2/shared/userfriendly/userfriendly_helpers.go:66 +0x24 google3/cloud/control2/shared/userfriendly/userfriendly.DebugInfoWithMessage({0x2296ab1f92c0, 0x50})",
          "cloud/control2/shared/userfriendly/userfriendly_impl.go:233 +0x34 google3/cloud/control2/shared/userfriendly/userfriendly.debugInfoWithError({0xaaaad3392680?, 0x229686713e00?})",
          "cloud/control2/shared/userfriendly/apimethods.go:673 +0x1c8 google3/cloud/control2/shared/userfriendly/userfriendly.(*PublicStatus).FromExternalUserFriendlyStatus(0x22967799ee40?, {0xaaaad352b1e8, 0x2296b4530570}, {0xaaaac39e4a0f, 0xd}, 0x229686713e00, 0x1, 0x0)",
          "cloud/control2/shared/userfriendly/userfriendly.go:319 google3/cloud/control2/shared/userfriendly/userfriendly.FromExternalUserFriendlyStatus(...)",
          "cloud/control2/frontend/clhprotocol/clh_client.go:225 +0x4f0 google3/cloud/control2/frontend/clhprotocol/clhclient.CLHClient.callBackendMethod({0x229675c0fb08?}, {0xaaaad352b1e8, 0x2296b4530570}, {0x22968b5ff32b, 0xb}, 0xde54c1f990, {0xaaaad351c038, 0x2296918b6f50}, {0xaaaad33a5b20, 0x2296ac3f1c40}, ...)",
          "cloud/control2/frontend/clhprotocol/clh_client.go:72 +0x78 google3/cloud/control2/frontend/clhprotocol/clhclient.CLHClient.CallPreprocess({0x2296b4530570?}, {0xaaaad352b1e8, 0x2296b4530570}, 0x0, {0x22968b5ff32b?, 0x0?}, 0x0?, 0x22966f297720?, {0xaaaad33a5b20, 0x2296ac3f1c40}, ...)",
          "cloud/control2/frontend/handler/preprocess.go:55 +0x64 google3/cloud/control2/frontend/handler/handler.init.func37({_, _}, _, {0x0, {0x22968b5ff32b, 0xb}, 0xde54c1f990, 0x2296918b6f50, {0xaaaad33a5b20, 0x2296ac3f1c40}, ...})",
          "cloud/control2/frontend/handler/preprocess.go:92 +0xa8 google3/cloud/control2/frontend/handler/handler.init.func38({_, _}, {{0xffff5d3afd78, 0x22966acc9560}, {0x2296751e2180, 0x22967638dde0, {0xaaaad355e0e8, 0x229674ef30c0}, 0x22966fc23710, 0x2296772792c0}, ...}, ...)",
          "cloud/control2/frontend/handler/preprocess.go:31 +0x168 google3/cloud/control2/frontend/handler/handler.Handler.callPreprocess({{0xffff5d3afd78, 0x22966acc9560}, {0x2296751e2180, 0x22967638dde0, {0xaaaad355e0e8, 0x229674ef30c0}, 0x22966fc23710, 0x2296772792c0}, {{0xaaaad339e260, 0x229673c5a400}}, ...}, ...)",
          "cloud/control2/frontend/handler/preprocess.go:118 +0xe4 google3/cloud/control2/frontend/handler/handler.init.func39({_, _}, {{0xffff5d3afd78, 0x22966acc9560}, {0x2296751e2180, 0x22967638dde0, {0xaaaad355e0e8, 0x229674ef30c0}, 0x22966fc23710, 0x2296772792c0}, ...}, ...)",
          "cloud/control2/frontend/handler/mutate.go:503 +0x2378 google3/cloud/control2/frontend/handler/handler.Handler.handleResourceMutation({{0xffff5d3afd78, 0x22966acc9560}, {0x2296751e2180, 0x22967638dde0, {0xaaaad355e0e8, 0x229674ef30c0}, 0x22966fc23710, 0x2296772792c0}, {{0xaaaad339e260, 0x229673c5a400}}, ...}, ...)",
          "cloud/control2/frontend/handler/handler_init.go:505 +0x68 google3/cloud/control2/frontend/handler/handler.init.func42({_, _}, {0x22967e0b2008, 0x0, 0x2296767d8840, 0x0, 0x0, 0x0, 0x2296ac3f1c40, 0x2296ac3f1cc0, ...})",
          "cloud/control2/frontend/handler/handler_init.go:240 +0x70 google3/cloud/control2/frontend/handler/handler.RegularInitializer.initMutationMethodStates.func1({_, _}, {0x22967e0b2008, 0x0, 0x2296767d8840, 0x0, 0x0, 0x0, 0x2296ac3f1c40, 0x2296ac3f1cc0, ...})",
          "cloud/control2/frontend/handler/handler.go:328 google3/cloud/control2/frontend/handler/handler.Handler.start.func1(...)",
          "cloud/control2/frontend/handler/handler.go:329 +0x254 google3/cloud/control2/frontend/handler/handler.Handler.start({{0xffff5d3afd78, 0x22966acc9560}, {0x2296751e2180, 0x22967638dde0, {0xaaaad355e0e8, 0x229674ef30c0}, 0x22966fc23710, 0x2296772792c0}, {{0xaaaad339e260, 0x229673c5a400}}, ...}, ...)",
          "cloud/control2/frontend/handler/handler.go:312 +0x60 google3/cloud/control2/frontend/handler/handler.init.func63({0xaaaad352b1e8?, _}, {{0xffff5d3afd78, 0x22966acc9560}, {0x2296751e2180, 0x22967638dde0, {0xaaaad355e0e8, 0x229674ef30c0}, 0x22966fc23710, 0x2296772792c0}, ...}, ...)",
          "cloud/control2/frontend/handler/handler.go:307 +0xf4 google3/cloud/control2/frontend/handler/handler.Handler.HandleRequest({{0xffff5d3afd78, 0x22966acc9560}, {0x2296751e2180, 0x22967638dde0, {0xaaaad355e0e8, 0x229674ef30c0}, 0x22966fc23710, 0x2296772792c0}, {{0xaaaad339e260, 0x229673c5a400}}, ...}, ...)",
          "cloud/control2/frontend/server/request_handler.go:170 +0xc4 google3/cloud/control2/frontend/server/requesthandler.init.func1({0xaaaad352b1e8?, 0x2296b45304b0?}, 0x229674e34800, 0x2296ac3f1c00, 0x2296ac3f1c40, 0x2296ac3f1cc0)",
          "cloud/control2/frontend/server/request_handler.go:143 +0x4f4 google3/cloud/control2/frontend/server/requesthandler.(*Handler).handleRequestWithFullMethodName(0x229674e34800, {0xaaaad352b1e8, 0x2296b4530360}, 0x2296ac3f1300, 0x22968bb41608, 0x22968bb41bf0, {0x2296ae528770?, 0x0?})",
          "cloud/control2/frontend/server/request_handler.go:88 +0x378 google3/cloud/control2/frontend/server/requesthandler.(*Handler).handleRequest(0x229674e34800, {0xaaaad352b1e8, 0x2296b4530360}, 0x22968bb41608, 0x22968bb41bf0)",
          "cloud/control2/frontend/server/request_handler.go:66 +0xa4 google3/cloud/control2/frontend/server/requesthandler.init.func2({0xaaaad352b1e8?, 0x2296b4530360?}, 0x22969b066fe1?, 0x22969eb9e5eb?, 0x22969b066fea?)",
          "cloud/control2/frontend/server/request_handler.go:54 +0x40 google3/cloud/control2/frontend/server/requesthandler.(*Handler).handle(0x2e?, {0xaaaad352b1e8, 0x2296b4530360}, 0xffffb976f2f8?, 0x2296861f5008?)",
          "cloud/control2/shared/genericrpc/service.go:171 +0x3a8 google3/cloud/control2/shared/genericrpc/genericrpc.(*Dispatcher).DefaultMethodHandler(0x229675b15c50, {0xaaaad352b1e8, 0x2296b4530360}, 0x22968bb41608)",
          "net/rpc/go/stream.go:1180 +0x4c google3/net/rpc/go/rpc.runStreamHandler({0xaaaad352b1e8?, 0x2296b4530360?}, 0x22968bb41608?, {0x0?, 0x0?}, {0xaaaad3543170, 0x2296918b6dc0})",
          "net/goa/rpc/rpchandler.go:100 +0x3b8 google3/net/goa/rpc/rpchandler.ExecHandlerSubset({0xaaaad352b1e8?, 0x2296afe61590?}, 0x2296a0237518)",
          "net/goa/rpc/rpchandler.go:327 +0x7f0 google3/net/goa/rpc/rpchandler.(*closedRegistry).hook(0x2296764ef200, {0xaaaad352b508, 0x22966f2976e0}, 0x22968f52f980)",
          "production/fireaxe/go/filters/rpcserverinterceptor.go:62 +0x258 google3/production/fireaxe/go/filters/rpcserverinterceptor.(*Interceptor).MakeHook-fm.(*Interceptor).MakeHook.func2({0xaaaad352b508, 0x22966f2976e0}, 0x22968f52f980)"
        ],
        "detail": "generic::invalid_argument: com.google.apps.framework.request.BadRequestException"
      }
    ]
  }
}
>
